  stdafx.cpp
  Carbon.cpp
c:\users\jbusk\source\repos\carbon\carbon\carbon_calc.h(21): warning C4244: '=': conversion from 'double' to 'float', possible loss of data
c:\users\jbusk\source\repos\carbon\carbon\carbon_ren.h(42): warning C4305: 'initializing': truncation from 'double' to 'float'
c:\users\jbusk\source\repos\carbon\carbon\carbon_ren.h(45): warning C4244: 'initializing': conversion from 'float' to 'int', possible loss of data
c:\users\jbusk\source\repos\carbon\carbon\carbon_ren.h(61): warning C4244: 'initializing': conversion from 'int' to 'float', possible loss of data
c:\users\jbusk\source\repos\carbon\carbon\carbon_ren.h(62): warning C4244: 'initializing': conversion from 'double' to 'float', possible loss of data
c:\users\jbusk\source\repos\carbon\carbon\carbon_ren.h(136): warning C4244: '=': conversion from 'float' to 'int', possible loss of data
c:\users\jbusk\source\repos\carbon\carbon\carbon_ren.h(137): warning C4244: '=': conversion from 'float' to 'int', possible loss of data
c:\users\jbusk\source\repos\carbon\carbon\carbon_ren.h(156): warning C4244: '=': conversion from 'float' to 'int', possible loss of data
c:\users\jbusk\source\repos\carbon\carbon\carbon_ren.h(157): warning C4244: '=': conversion from 'float' to 'int', possible loss of data
c:\users\jbusk\source\repos\carbon\carbon\carbon_ren.h(211): warning C4305: 'initializing': truncation from 'double' to 'float'
c:\users\jbusk\source\repos\carbon\carbon\carbon_ren.h(215): warning C4305: '=': truncation from 'double' to 'float'
c:\users\jbusk\source\repos\carbon\carbon\carbon_ren.h(218): warning C4244: '=': conversion from 'int' to 'float', possible loss of data
c:\users\jbusk\source\repos\carbon\carbon\carbon_ren.h(219): warning C4244: '=': conversion from 'int' to 'float', possible loss of data
c:\users\jbusk\desktop\carbon\carbon\carbon.cpp(31): warning C4244: 'initializing': conversion from 'float' to 'size_t', possible loss of data
c:\users\jbusk\desktop\carbon\carbon\carbon.cpp(32): warning C4305: 'initializing': truncation from 'double' to 'float'
c:\users\jbusk\desktop\carbon\carbon\carbon.cpp(33): warning C4305: 'initializing': truncation from 'double' to 'float'
c:\users\jbusk\desktop\carbon\carbon\carbon.cpp(58): warning C4244: 'argument': conversion from 'float' to 'int', possible loss of data
c:\users\jbusk\desktop\carbon\carbon\carbon.cpp(67): warning C4244: 'argument': conversion from 'float' to 'int', possible loss of data
c:\users\jbusk\desktop\carbon\carbon\carbon.cpp(79): warning C4244: '=': conversion from 'Sint32' to 'float', possible loss of data
c:\users\jbusk\desktop\carbon\carbon\carbon.cpp(80): warning C4244: '=': conversion from 'Sint32' to 'float', possible loss of data
c:\users\jbusk\desktop\carbon\carbon\carbon.cpp(91): warning C4244: '=': conversion from 'Sint32' to 'float', possible loss of data
c:\users\jbusk\desktop\carbon\carbon\carbon.cpp(92): warning C4244: '=': conversion from 'Sint32' to 'float', possible loss of data
c:\users\jbusk\desktop\carbon\carbon\carbon.cpp(143): warning C4244: 'argument': conversion from 'float' to 'size_t', possible loss of data
c:\users\jbusk\desktop\carbon\carbon\carbon.cpp(179): warning C4244: 'argument': conversion from 'float' to 'int', possible loss of data
  LINK : C:\Users\jbusk\Desktop\Carbon\x64\Debug\Carbon.exe not found or not built by the last incremental link; performing full link
  Carbon.vcxproj -> C:\Users\jbusk\Desktop\Carbon\x64\Debug\Carbon.exe
